  Player.cpp
E:\Projects\zombies\Player.cpp(7,12): warning C4244: 'initializing': conversion from 'const float' to 'int', possible loss of data
E:\Projects\zombies\Player.cpp(8,15): warning C4244: 'initializing': conversion from 'const float' to 'int', possible loss of data
E:\Projects\zombies\Player.cpp(68,13): warning C4244: '=': conversion from 'const float' to 'int', possible loss of data
E:\Projects\zombies\Player.cpp(69,16): warning C4244: '=': conversion from 'const float' to 'int', possible loss of data
E:\Projects\zombies\Player.cpp(195,54): warning C4244: '=': conversion from 'int' to 'T', possible loss of data
E:\Projects\zombies\Player.cpp(195,54): warning C4244:         with
E:\Projects\zombies\Player.cpp(195,54): warning C4244:         [
E:\Projects\zombies\Player.cpp(195,54): warning C4244:             T=float
E:\Projects\zombies\Player.cpp(195,54): warning C4244:         ]
E:\Projects\zombies\Player.cpp(200,37): warning C4244: '=': conversion from 'int' to 'T', possible loss of data
E:\Projects\zombies\Player.cpp(200,37): warning C4244:         with
E:\Projects\zombies\Player.cpp(200,37): warning C4244:         [
E:\Projects\zombies\Player.cpp(200,37): warning C4244:             T=float
E:\Projects\zombies\Player.cpp(200,37): warning C4244:         ]
E:\Projects\zombies\Player.cpp(206,54): warning C4244: '=': conversion from 'int' to 'T', possible loss of data
E:\Projects\zombies\Player.cpp(206,54): warning C4244:         with
E:\Projects\zombies\Player.cpp(206,54): warning C4244:         [
E:\Projects\zombies\Player.cpp(206,54): warning C4244:             T=float
E:\Projects\zombies\Player.cpp(206,54): warning C4244:         ]
E:\Projects\zombies\Player.cpp(211,37): warning C4244: '=': conversion from 'int' to 'T', possible loss of data
E:\Projects\zombies\Player.cpp(211,37): warning C4244:         with
E:\Projects\zombies\Player.cpp(211,37): warning C4244:         [
E:\Projects\zombies\Player.cpp(211,37): warning C4244:             T=float
E:\Projects\zombies\Player.cpp(211,37): warning C4244:         ]
E:\Projects\zombies\Player.cpp(234,25): warning C4244: '+=': conversion from 'double' to 'float', possible loss of data
E:\Projects\zombies\Player.cpp(240,30): warning C4244: '+=': conversion from 'double' to 'int', possible loss of data
  ZombieArena.cpp
  Generating Code...
  zombies.vcxproj -> E:\Projects\zombies\x64\Debug\zombies.exe
